<?xml version="1.0" encoding="UTF-8"?>
<!-- Generated by org.testng.reporters.JUnitReportReporter -->
<testsuite skipped="0" hostname="admins-MacBook-Pro.local" name="MathProjectGit.Anupam.Calculator" tests="1" failures="0" timestamp="15 Feb 2018 13:31:50 GMT" time="0.016" errors="0">
  <testcase name="launchApp" time="0.016" classname="MathProjectGit.Anupam.Calculator"/>
</testsuite> <!-- MathProjectGit.Anupam.Calculator -->
