<?xml version="1.0" encoding="UTF-8"?>
<!-- Generated by org.testng.reporters.JUnitReportReporter -->
<testsuite skipped="0" hostname="admins-MacBook-Pro.local" name="controller.logic.Calculator" tests="1" failures="0" timestamp="16 Feb 2018 12:48:43 GMT" time="0.013" errors="0">
  <testcase name="launchApp" time="0.013" classname="controller.logic.Calculator"/>
</testsuite> <!-- controller.logic.Calculator -->
